
  .   ____          _            __ _ _
 /\\ / ___'_ __ _ _(_)_ __  __ _ \ \ \ \
( ( )\___ | '_ | '_| | '_ \/ _` | \ \ \ \
 \\/  ___)| |_)| | | | | || (_| |  ) ) ) )
  '  |____| .__|_| |_|_| |_\__, | / / / /
 =========|_|==============|___/=/_/_/_/

 :: Spring Boot ::                (v3.3.5)

2026-01-03T01:49:11.288+01:00  INFO 50958 --- [AUTH-SERVICE] [           main] c.example.auth.AuthServiceApplication    : Starting AuthServiceApplication v0.0.1-SNAPSHOT using Java 17.0.16 with PID 50958 (/Users/amineouhiba/MicroserviceSpringBoot/auth-service/target/auth-service-0.0.1-SNAPSHOT.jar started by amineouhiba in /Users/amineouhiba/MicroserviceSpringBoot/auth-service)
2026-01-03T01:49:11.290+01:00  INFO 50958 --- [AUTH-SERVICE] [           main] c.example.auth.AuthServiceApplication    : No active profile set, falling back to 1 default profile: "default"
2026-01-03T01:49:11.954+01:00  INFO 50958 --- [AUTH-SERVICE] [           main] .s.d.r.c.RepositoryConfigurationDelegate : Bootstrapping Spring Data JPA repositories in DEFAULT mode.
2026-01-03T01:49:12.063+01:00  INFO 50958 --- [AUTH-SERVICE] [           main] .s.d.r.c.RepositoryConfigurationDelegate : Finished Spring Data repository scanning in 105 ms. Found 2 JPA repository interfaces.
2026-01-03T01:49:12.268+01:00  INFO 50958 --- [AUTH-SERVICE] [           main] o.s.cloud.context.scope.GenericScope     : BeanFactory id=24738abd-b020-39ef-885f-6e54b647928b
2026-01-03T01:49:12.428+01:00  WARN 50958 --- [AUTH-SERVICE] [           main] trationDelegate$BeanPostProcessorChecker : Bean 'org.springframework.cloud.client.loadbalancer.LoadBalancerAutoConfiguration$DeferringLoadBalancerInterceptorConfig' of type [org.springframework.cloud.client.loadbalancer.LoadBalancerAutoConfiguration$DeferringLoadBalancerInterceptorConfig] is not eligible for getting processed by all BeanPostProcessors (for example: not eligible for auto-proxying). The currently created BeanPostProcessor [lbRestClientPostProcessor] is declared through a non-static factory method on that class; consider declaring it as static instead.
2026-01-03T01:49:12.431+01:00  WARN 50958 --- [AUTH-SERVICE] [           main] trationDelegate$BeanPostProcessorChecker : Bean 'deferringLoadBalancerInterceptor' of type [org.springframework.cloud.client.loadbalancer.DeferringLoadBalancerInterceptor] is not eligible for getting processed by all BeanPostProcessors (for example: not eligible for auto-proxying). Is this bean getting eagerly injected/applied to a currently created BeanPostProcessor [lbRestClientPostProcessor]? Check the corresponding BeanPostProcessor declaration and its dependencies/advisors. If this bean does not have to be post-processed, declare it with ROLE_INFRASTRUCTURE.
2026-01-03T01:49:12.634+01:00  INFO 50958 --- [AUTH-SERVICE] [           main] o.s.b.w.embedded.tomcat.TomcatWebServer  : Tomcat initialized with port 8080 (http)
2026-01-03T01:49:12.641+01:00  INFO 50958 --- [AUTH-SERVICE] [           main] o.apache.catalina.core.StandardService   : Starting service [Tomcat]
2026-01-03T01:49:12.641+01:00  INFO 50958 --- [AUTH-SERVICE] [           main] o.apache.catalina.core.StandardEngine    : Starting Servlet engine: [Apache Tomcat/10.1.31]
2026-01-03T01:49:12.658+01:00  INFO 50958 --- [AUTH-SERVICE] [           main] o.a.c.c.C.[Tomcat].[localhost].[/]       : Initializing Spring embedded WebApplicationContext
2026-01-03T01:49:12.659+01:00  INFO 50958 --- [AUTH-SERVICE] [           main] w.s.c.ServletWebServerApplicationContext : Root WebApplicationContext: initialization completed in 1335 ms
2026-01-03T01:49:12.780+01:00  INFO 50958 --- [AUTH-SERVICE] [           main] o.hibernate.jpa.internal.util.LogHelper  : HHH000204: Processing PersistenceUnitInfo [name: default]
2026-01-03T01:49:12.815+01:00  INFO 50958 --- [AUTH-SERVICE] [           main] org.hibernate.Version                    : HHH000412: Hibernate ORM core version 6.5.3.Final
2026-01-03T01:49:12.831+01:00  INFO 50958 --- [AUTH-SERVICE] [           main] o.h.c.internal.RegionFactoryInitiator    : HHH000026: Second-level cache disabled
2026-01-03T01:49:12.961+01:00  INFO 50958 --- [AUTH-SERVICE] [           main] o.s.o.j.p.SpringPersistenceUnitInfo      : No LoadTimeWeaver setup: ignoring JPA class transformer
2026-01-03T01:49:12.975+01:00  INFO 50958 --- [AUTH-SERVICE] [           main] com.zaxxer.hikari.HikariDataSource       : HikariPool-1 - Starting...
2026-01-03T01:49:13.059+01:00  INFO 50958 --- [AUTH-SERVICE] [           main] com.zaxxer.hikari.pool.HikariPool        : HikariPool-1 - Added connection org.postgresql.jdbc.PgConnection@1a3c4b3e
2026-01-03T01:49:13.059+01:00  INFO 50958 --- [AUTH-SERVICE] [           main] com.zaxxer.hikari.HikariDataSource       : HikariPool-1 - Start completed.
2026-01-03T01:49:13.469+01:00  INFO 50958 --- [AUTH-SERVICE] [           main] o.h.e.t.j.p.i.JtaPlatformInitiator       : HHH000489: No JTA platform available (set 'hibernate.transaction.jta.platform' to enable JTA platform integration)
2026-01-03T01:49:13.532+01:00  INFO 50958 --- [AUTH-SERVICE] [           main] j.LocalContainerEntityManagerFactoryBean : Initialized JPA EntityManagerFactory for persistence unit 'default'
2026-01-03T01:49:13.794+01:00  INFO 50958 --- [AUTH-SERVICE] [           main] r$InitializeUserDetailsManagerConfigurer : Global AuthenticationManager configured with UserDetailsService bean with name userDetailsServiceImpl
2026-01-03T01:49:13.813+01:00  WARN 50958 --- [AUTH-SERVICE] [           main] JpaBaseConfiguration$JpaWebConfiguration : spring.jpa.open-in-view is enabled by default. Therefore, database queries may be performed during view rendering. Explicitly configure spring.jpa.open-in-view to disable this warning
2026-01-03T01:49:14.417+01:00  INFO 50958 --- [AUTH-SERVICE] [           main] DiscoveryClientOptionalArgsConfiguration : Eureka HTTP Client uses RestTemplate.
2026-01-03T01:49:14.468+01:00  WARN 50958 --- [AUTH-SERVICE] [           main] iguration$LoadBalancerCaffeineWarnLogger : Spring Cloud LoadBalancer is currently working with the default cache. While this cache implementation is useful for development and tests, it's recommended to use Caffeine cache in production.You can switch to using Caffeine cache, by adding it and org.springframework.cache.caffeine.CaffeineCacheManager to the classpath.
2026-01-03T01:49:14.502+01:00  INFO 50958 --- [AUTH-SERVICE] [           main] o.s.c.n.eureka.InstanceInfoFactory       : Setting initial instance status as: STARTING
2026-01-03T01:49:14.517+01:00  INFO 50958 --- [AUTH-SERVICE] [           main] com.netflix.discovery.DiscoveryClient    : Initializing Eureka in region us-east-1
2026-01-03T01:49:14.520+01:00  INFO 50958 --- [AUTH-SERVICE] [           main] c.n.d.s.r.aws.ConfigClusterResolver      : Resolving eureka endpoints via configuration
2026-01-03T01:49:14.525+01:00  INFO 50958 --- [AUTH-SERVICE] [           main] com.netflix.discovery.DiscoveryClient    : Disable delta property : false
2026-01-03T01:49:14.525+01:00  INFO 50958 --- [AUTH-SERVICE] [           main] com.netflix.discovery.DiscoveryClient    : Single vip registry refresh property : null
2026-01-03T01:49:14.525+01:00  INFO 50958 --- [AUTH-SERVICE] [           main] com.netflix.discovery.DiscoveryClient    : Force full registry fetch : false
2026-01-03T01:49:14.525+01:00  INFO 50958 --- [AUTH-SERVICE] [           main] com.netflix.discovery.DiscoveryClient    : Application is null : false
2026-01-03T01:49:14.525+01:00  INFO 50958 --- [AUTH-SERVICE] [           main] com.netflix.discovery.DiscoveryClient    : Registered Applications size is zero : true
2026-01-03T01:49:14.525+01:00  INFO 50958 --- [AUTH-SERVICE] [           main] com.netflix.discovery.DiscoveryClient    : Application version is -1: true
2026-01-03T01:49:14.525+01:00  INFO 50958 --- [AUTH-SERVICE] [           main] com.netflix.discovery.DiscoveryClient    : Getting all instance registry info from the eureka server
2026-01-03T01:49:14.767+01:00  INFO 50958 --- [AUTH-SERVICE] [           main] com.netflix.discovery.DiscoveryClient    : The response status is 200
2026-01-03T01:49:14.768+01:00  INFO 50958 --- [AUTH-SERVICE] [           main] com.netflix.discovery.DiscoveryClient    : Starting heartbeat executor: renew interval is: 30
2026-01-03T01:49:14.769+01:00  INFO 50958 --- [AUTH-SERVICE] [           main] c.n.discovery.InstanceInfoReplicator     : InstanceInfoReplicator onDemand update allowed rate per min is 4
2026-01-03T01:49:14.769+01:00  INFO 50958 --- [AUTH-SERVICE] [           main] com.netflix.discovery.DiscoveryClient    : Discovery Client initialized at timestamp 1767401354769 with initial instances count: 6
2026-01-03T01:49:14.774+01:00  INFO 50958 --- [AUTH-SERVICE] [           main] o.s.c.n.e.s.EurekaServiceRegistry        : Registering application AUTH-SERVICE with eureka with status UP
2026-01-03T01:49:14.774+01:00  INFO 50958 --- [AUTH-SERVICE] [           main] com.netflix.discovery.DiscoveryClient    : Saw local status change event StatusChangeEvent [timestamp=1767401354774, current=UP, previous=STARTING]
2026-01-03T01:49:14.775+01:00  INFO 50958 --- [AUTH-SERVICE] [foReplicator-%d] com.netflix.discovery.DiscoveryClient    : DiscoveryClient_AUTH-SERVICE/mac:AUTH-SERVICE:8080: registering service...
2026-01-03T01:49:14.784+01:00  INFO 50958 --- [AUTH-SERVICE] [           main] o.s.b.w.embedded.tomcat.TomcatWebServer  : Tomcat started on port 8080 (http) with context path '/'
2026-01-03T01:49:14.784+01:00  INFO 50958 --- [AUTH-SERVICE] [           main] .s.c.n.e.s.EurekaAutoServiceRegistration : Updating port to 8080
2026-01-03T01:49:14.794+01:00  INFO 50958 --- [AUTH-SERVICE] [           main] c.example.auth.AuthServiceApplication    : Started AuthServiceApplication in 3.848 seconds (process running for 4.214)
2026-01-03T01:49:14.796+01:00  INFO 50958 --- [AUTH-SERVICE] [foReplicator-%d] com.netflix.discovery.DiscoveryClient    : DiscoveryClient_AUTH-SERVICE/mac:AUTH-SERVICE:8080 - registration status: 204
2026-01-03T01:49:50.987+01:00  INFO 50958 --- [AUTH-SERVICE] [nio-8080-exec-1] o.a.c.c.C.[Tomcat].[localhost].[/]       : Initializing Spring DispatcherServlet 'dispatcherServlet'
2026-01-03T01:49:50.987+01:00  INFO 50958 --- [AUTH-SERVICE] [nio-8080-exec-1] o.s.web.servlet.DispatcherServlet        : Initializing Servlet 'dispatcherServlet'
2026-01-03T01:49:50.989+01:00  INFO 50958 --- [AUTH-SERVICE] [nio-8080-exec-1] o.s.web.servlet.DispatcherServlet        : Completed initialization in 2 ms
Hibernate: select au1_0.id,au1_0.password,au1_0.username from app_user au1_0 where au1_0.username=?
Hibernate: select r1_0.app_user_id,r1_1.id,r1_1.role_name from app_user_roles r1_0 join app_role r1_1 on r1_1.id=r1_0.roles_id where r1_0.app_user_id=?
Hibernate: select au1_0.id,au1_0.password,au1_0.username from app_user au1_0 where au1_0.username=?
Hibernate: select r1_0.app_user_id,r1_1.id,r1_1.role_name from app_user_roles r1_0 join app_role r1_1 on r1_1.id=r1_0.roles_id where r1_0.app_user_id=?
